## This file declares layouts and their associated definition files.
## It has been automatically generated by configure
## Use "Options/Reconfigure" if you need to update it after a
## configuration change. Run ./configure manually to update the
## system wide version of this file.
"IEEEtran" "IEEEtran" "article (IEEEtran)" "false"
"aa" "aa" "article (A&A)" "false"
"aapaper" "aa" "article (A&A V4)" "false"
"aastex" "aastex" "article (AASTeX)" "false"
"agu-dtd" "AGU-article" "AGU Article (SGML)" "true"
"agums" "aguplus" "article (AGU++) manuscript" "false"
"amsart-plain" "amsart" "article (AMS, unnumbered)" "true"
"amsart-seq" "amsart" "article (AMS, sequential numbering)" "true"
"amsart" "amsart" "article (AMS)" "true"
"amsbook" "amsbook" "book (AMS)" "true"
"apa" "apa" "APA style" "false"
"article" "article" "article" "true"
"book" "book" "book" "true"
"broadway" "broadway" "broadway" "false"
"chess" "article" "article (Chess)" "false"
"cl2emult" "cl2emult" "article (cl2emult)" "false"
"cv" "cv" "curriculum vitae" "false"
"dinbrief" "dinbrief" "letter (german)" "true"
"docbook-book" "book" "DocBook book (SGML)" "true"
"docbook-chapter" "chapter" "DocBook chapter (SGML)" "true"
"docbook-section" "section" "DocBook section (SGML)" "true"
"docbook" "article" "DocBook article (SGML)" "true"
"dtk" "dtk" "article (dtk)" "false"
"egs" "egs" "article (European Geophysical Society) egs" "false"
"elsart" "elsart" "article (elsevier)" "false"
"entcs" "entcs" "article (ENTCS)" "false"
"extarticle" "extarticle" "extarticle" "true"
"extbook" "extbook" "extbook" "true"
"extletter" "extletter" "extletter" "true"
"extreport" "extreport" "extreport" "true"
"foils" "foils" "slides (FoilTeX)" "true"
"g-brief-de" "g-brief" "letter (g-brief)" "false"
"g-brief-en" "g-brief" "letter (g-brief)" "false"
"g-brief2" "g-brief2" "letter (g-brief2)" "false"
"heb-article" "article" "article (Hebrew)" "true"
"heb-letter" "letter" "letter (Hebrew)" "true"
"hollywood" "hollywood" "hollywood" "false"
"ijmpd" "ws-ijmpd" "article (ijmpd)" "false"
"jgrga" "aguplus" "article (AGU++) JGR" "false"
"kluwer" "kluwer" "article (Kluwer)" "false"
"latex8" "article" "article (Latex8)" "false"
"letter" "letter" "letter" "true"
"linuxdoc" "article" "LinuxDoc article (SGML)" "true"
"literate-article" "article" "article (Noweb)" "false"
"literate-book" "book" "book (Noweb)" "false"
"literate-report" "report" "report (Noweb)" "false"
"llncs" "llncs" "Springer - Lecture Notes in Comp. Sci." "false"
"ltugboat" "ltugboat" "article (tugboat)" "false"
"manpage" "manpage" "LinuxDoc manpage (SGML)" "true"
"memoir" "memoir" "memoir" "false"
"mwart" "mwart" "article (mwart)" "true"
"mwbk" "mwbk" "book (mwbk)" "true"
"mwrep" "mwrep" "report (mwrep)" "true"
"paper" "paper" "article (paper)" "false"
"report" "report" "report" "true"
"revtex" "revtex" "article (REVTeX)" "false"
"revtex4" "revtex4" "article (REVTeX 4)" "true"
"scrartcl" "scrartcl" "article (koma-script)" "true"
"scrbook" "scrbook" "book (koma-script)" "true"
"scrlettr" "scrlettr" "letter (koma-script)" "true"
"scrlttr2" "scrlttr2" "letter (koma-script v.2)" "true"
"scrreprt" "scrreprt" "report (koma-script)" "true"
"seminar" "seminar" "seminar" "true"
"siamltex" "siamltex" "article (siamltex)" "false"
"slides" "slides" "slides (default)" "true"
"spie" "spie" "article (SPIE-Proceedings)" "false"
"svglobal" "svjour" "article (Springer - svjour/global)" "false"
"svjog" "svjour" "article (Springer - svjour/jog)" "false"
"svprobth" "svjour" "article (Springer - svjour/PTRF)" "false"
